Using pre-set license
Built from '2021.3/staging' branch; Version is '2021.3.11f1 (0a5ca18544bf) revision 679073'; Using compiler version '192829333'; Build Type 'Release'
OS: 'Windows 10  (10.0.19044) 64bit Core' Language: 'en' Physical Memory: 8117 MB
BatchMode: 1, IsHumanControllingUs: 0, StartBugReporterOnCrash: 0, Is64bit: 1, IsPro: 1

COMMAND LINE ARGUMENTS:
D:\2021.3.11f1\Editor\Unity.exe
-adb2
-batchMode
-noUpm
-name
AssetImportWorker0
-projectPath
E:/Simps
-logFile
Logs/AssetImportWorker0.log
-srvPort
51898
Successfully changed project path to: E:/Simps
E:/Simps
[UnityMemory] Configuration Parameters - Can be set up in boot.config
    "memorysetup-bucket-allocator-granularity=16"
    "memorysetup-bucket-allocator-bucket-count=8"
    "memorysetup-bucket-allocator-block-size=33554432"
    "memorysetup-bucket-allocator-block-count=8"
    "memorysetup-main-allocator-block-size=16777216"
    "memorysetup-thread-allocator-block-size=16777216"
    "memorysetup-gfx-main-allocator-block-size=16777216"
    "memorysetup-gfx-thread-allocator-block-size=16777216"
    "memorysetup-cache-allocator-block-size=4194304"
    "memorysetup-typetree-allocator-block-size=2097152"
    "memorysetup-profiler-bucket-allocator-granularity=16"
    "memorysetup-profiler-bucket-allocator-bucket-count=8"
    "memorysetup-profiler-bucket-allocator-block-size=33554432"
    "memorysetup-profiler-bucket-allocator-block-count=8"
    "memorysetup-profiler-allocator-block-size=16777216"
    "memorysetup-profiler-editor-allocator-block-size=1048576"
    "memorysetup-temp-allocator-size-main=16777216"
    "memorysetup-job-temp-allocator-block-size=2097152"
    "memorysetup-job-temp-allocator-block-size-background=1048576"
    "memorysetup-job-temp-allocator-reduction-small-platforms=262144"
    "memorysetup-temp-allocator-size-background-worker=32768"
    "memorysetup-temp-allocator-size-job-worker=262144"
    "memorysetup-temp-allocator-size-preload-manager=33554432"
    "memorysetup-temp-allocator-size-nav-mesh-worker=65536"
    "memorysetup-temp-allocator-size-audio-worker=65536"
    "memorysetup-temp-allocator-size-cloud-worker=32768"
    "memorysetup-temp-allocator-size-gi-baking-worker=262144"
    "memorysetup-temp-allocator-size-gfx=262144"
Refreshing native plugins compatible for Editor in 75.66 ms, found 3 plugins.
Preloading 0 native plugins for Editor in 0.00 ms.
Initialize engine version: 2021.3.11f1 (0a5ca18544bf)
[Subsystems] Discovering subsystems at path D:/2021.3.11f1/Editor/Data/Resources/UnitySubsystems
[Subsystems] Discovering subsystems at path E:/Simps/Assets
GfxDevice: creating device client; threaded=0; jobified=0
Direct3D:
    Version:  Direct3D 11.0 [level 11.1]
    Renderer: NVIDIA GeForce RTX 3050 (ID=0x2507)
    Vendor:   NVIDIA
    VRAM:     8070 MB
    Driver:   30.0.15.1277
Initialize mono
Mono path[0] = 'D:/2021.3.11f1/Editor/Data/Managed'
Mono path[1] = 'D:/2021.3.11f1/Editor/Data/MonoBleedingEdge/lib/mono/unityjit-win32'
Mono config path = 'D:/2021.3.11f1/Editor/Data/MonoBleedingEdge/etc'
Using monoOptions --debugger-agent=transport=dt_socket,embedding=1,server=y,suspend=n,address=127.0.0.1:56484
Begin MonoManager ReloadAssembly
Registering precompiled unity dll's ...
Register platform support module: D:/2021.3.11f1/Editor/Data/PlaybackEngines/WebGLSupport/UnityEditor.WebGL.Extensions.dll
Register platform support module: D:/2021.3.11f1/Editor/Data/PlaybackEngines/WindowsStandaloneSupport/UnityEditor.WindowsStandalone.Extensions.dll
Registered in 0.107994 seconds.
Native extension for WindowsStandalone target not found
Native extension for WebGL target not found
Refreshing native plugins compatible for Editor in 240.67 ms, found 3 plugins.
Preloading 0 native plugins for Editor in 0.00 ms.
Mono: successfully reloaded assembly
- Completed reload, in  1.409 seconds
Domain Reload Profiling:
	ReloadAssembly (1409ms)
		BeginReloadAssembly (70ms)
			ExecutionOrderSort (0ms)
			DisableScriptedObjects (0ms)
			BackupInstance (0ms)
			ReleaseScriptingObjects (0ms)
			CreateAndSetChildDomain (1ms)
		EndReloadAssembly (1133ms)
			LoadAssemblies (70ms)
			RebuildTransferFunctionScriptingTraits (0ms)
			SetupTypeCache (98ms)
			ReleaseScriptCaches (0ms)
			RebuildScriptCaches (24ms)
			SetupLoadedEditorAssemblies (479ms)
				LogAssemblyErrors (0ms)
				InitializePlatformSupportModulesInManaged (7ms)
				SetLoadedEditorAssemblies (0ms)
				RefreshPlugins (241ms)
				BeforeProcessingInitializeOnLoad (1ms)
				ProcessInitializeOnLoadAttributes (110ms)
				ProcessInitializeOnLoadMethodAttributes (120ms)
				AfterProcessingInitializeOnLoad (0ms)
				EditorAssembliesLoaded (0ms)
			ExecutionOrderSort2 (0ms)
			AwakeInstancesAfterBackupRestoration (0ms)
Platform modules already initialized, skipping
Registering precompiled user dll's ...
Registered in 2.113395 seconds.
Begin MonoManager ReloadAssembly
Symbol file LoadedFromMemory doesn't match image E:\Simps\Library\PackageCache\com.unity.visualscripting@1.7.8\Editor\VisualScripting.Core\Dependencies\YamlDotNet\Unity.VisualScripting.YamlDotNet.dll
Symbol file LoadedFromMemory doesn't match image E:\Simps\Library\PackageCache\com.unity.visualscripting@1.7.8\Editor\VisualScripting.Core\Dependencies\DotNetZip\Unity.VisualScripting.IonicZip.dll
Native extension for WindowsStandalone target not found
Native extension for WebGL target not found
Refreshing native plugins compatible for Editor in 0.75 ms, found 3 plugins.
Preloading 0 native plugins for Editor in 0.00 ms.
Mono: successfully reloaded assembly
- Completed reload, in  2.301 seconds
Domain Reload Profiling:
	ReloadAssembly (2302ms)
		BeginReloadAssembly (124ms)
			ExecutionOrderSort (0ms)
			DisableScriptedObjects (6ms)
			BackupInstance (0ms)
			ReleaseScriptingObjects (0ms)
			CreateAndSetChildDomain (24ms)
		EndReloadAssembly (2055ms)
			LoadAssemblies (93ms)
			RebuildTransferFunctionScriptingTraits (0ms)
			SetupTypeCache (319ms)
			ReleaseScriptCaches (1ms)
			RebuildScriptCaches (59ms)
			SetupLoadedEditorAssemblies (1554ms)
				LogAssemblyErrors (0ms)
				InitializePlatformSupportModulesInManaged (6ms)
				SetLoadedEditorAssemblies (1ms)
				RefreshPlugins (1ms)
				BeforeProcessingInitializeOnLoad (1309ms)
				ProcessInitializeOnLoadAttributes (208ms)
				ProcessInitializeOnLoadMethodAttributes (27ms)
				AfterProcessingInitializeOnLoad (3ms)
				EditorAssembliesLoaded (0ms)
			ExecutionOrderSort2 (0ms)
			AwakeInstancesAfterBackupRestoration (5ms)
Platform modules already initialized, skipping
========================================================================
Worker process is ready to serve import requests
Launched and connected shader compiler UnityShaderCompiler.exe after 0.65 seconds
Refreshing native plugins compatible for Editor in 0.59 ms, found 3 plugins.
Preloading 0 native plugins for Editor in 0.00 ms.
Unloading 3380 Unused Serialized files (Serialized files now loaded: 0)
Unloading 25 unused Assets / (56.0 KB). Loaded Objects now: 3839.
Memory consumption went from 116.0 MB to 116.0 MB.
Total: 2.794800 ms (FindLiveObjects: 0.276400 ms CreateObjectMapping: 0.098000 ms MarkObjects: 2.354600 ms  DeleteObjects: 0.064500 ms)

AssetImportParameters requested are different than current active one (requested -> active):
  custom:video-decoder-ogg-theora: a1e56fd34408186e4bbccfd4996cb3dc -> 
  custom:container-muxer-webm: aa71ff27fc2769a1b78a27578f13a17b -> 
  custom:container-demuxer-webm: 4f35f7cbe854078d1ac9338744f61a02 -> 
  custom:video-encoder-webm-vp8: eb34c28f22e8b96e1ab97ce403110664 -> 
  custom:audio-encoder-webm-vorbis: bf7c407c2cedff20999df2af8eb42d56 -> 
  custom:framework-win-MediaFoundation: 216162199b28c13a410421893ffa2e32 -> 
  custom:container-demuxer-ogg: 62fdf1f143b41e24485cea50d1cbac27 -> 
  custom:video-decoder-webm-vp8: 9c59270c3fd7afecdb556c50c9e8de78 -> 
  custom:audio-decoder-ogg-vorbis: bf7c407c2cedff20999df2af8eb42d56 -> 
========================================================================
Received Import Request.
  Time since last request: 1315298.623458 seconds.
  path: Assets/Scenes
  artifactKey: Guid(6ea315d0fd7389c41b19996891e99ae3) Importer(815301076,1909f56bfc062723c751e8b465ee728b)
Start importing Assets/Scenes using Guid(6ea315d0fd7389c41b19996891e99ae3) Importer(815301076,1909f56bfc062723c751e8b465ee728b)  -> (artifact id: 'bc172811d573b296104adb4d2728db37') in 0.010150 seconds 
========================================================================
Received Import Request.
  Time since last request: 86.163474 seconds.
  path: Assets/MAP.asset
  artifactKey: Guid(ce1b93571dc781006a06df50cb8d767a) Importer(815301076,1909f56bfc062723c751e8b465ee728b)
Start importing Assets/MAP.asset using Guid(ce1b93571dc781006a06df50cb8d767a) Importer(815301076,1909f56bfc062723c751e8b465ee728b)  -> (artifact id: 'b998005838f67cbfa55605b01ef8b3c4') in 0.037416 seconds 
========================================================================
Received Import Request.
  Time since last request: 686.271737 seconds.
  path: Assets/MAP.asset
  artifactKey: Guid(ce1b93571dc781006a06df50cb8d767a) Importer(815301076,1909f56bfc062723c751e8b465ee728b)
Start importing Assets/MAP.asset using Guid(ce1b93571dc781006a06df50cb8d767a) Importer(815301076,1909f56bfc062723c751e8b465ee728b)  -> (artifact id: '9d65b007b4e029166183614489d64efb') in 0.115259 seconds 
========================================================================
Received Import Request.
  Time since last request: 1479.499473 seconds.
  path: Assets/TerrainSampleAssets/TerrainBrushes/Terrainstamp_Canyon03_Brush.brush
  artifactKey: Guid(d4e29f095247ea040aabee8a6cb3b010) Importer(815301076,1909f56bfc062723c751e8b465ee728b)
Start importing Assets/TerrainSampleAssets/TerrainBrushes/Terrainstamp_Canyon03_Brush.brush using Guid(d4e29f095247ea040aabee8a6cb3b010) Importer(815301076,1909f56bfc062723c751e8b465ee728b)  -> (artifact id: '639a6b73587ef83dce7ba5f4f731a481') in 0.346692 seconds 
========================================================================
Received Import Request.
  Time since last request: 358.068511 seconds.
  path: Assets
  artifactKey: Guid(00000000000000001000000000000000) Importer(815301076,1909f56bfc062723c751e8b465ee728b)
Start importing Assets using Guid(00000000000000001000000000000000) Importer(815301076,1909f56bfc062723c751e8b465ee728b)  -> (artifact id: '79842766b460edbeab6a34051e857a80') in 0.027237 seconds 
========================================================================
Received Import Request.
  Time since last request: 31.145754 seconds.
  path: Assets/TerrainSampleAssets/TerrainBrushes/Terrainstamp_Canyon02_Brush.brush
  artifactKey: Guid(7ddc1e59f6e82cc4693b55b0badb4aa3) Importer(815301076,1909f56bfc062723c751e8b465ee728b)
Start importing Assets/TerrainSampleAssets/TerrainBrushes/Terrainstamp_Canyon02_Brush.brush using Guid(7ddc1e59f6e82cc4693b55b0badb4aa3) Importer(815301076,1909f56bfc062723c751e8b465ee728b)  -> (artifact id: 'b10c75c9e5398284f0282e3bc965998d') in 0.036747 seconds 
========================================================================
Received Import Request.
  Time since last request: 29.705444 seconds.
  path: Assets/TerrainSampleAssets/TerrainBrushes/Terrainstamp_Canyon01_Brush.brush
  artifactKey: Guid(9b1536174e1306f4eb016fe953e5a678) Importer(815301076,1909f56bfc062723c751e8b465ee728b)
Start importing Assets/TerrainSampleAssets/TerrainBrushes/Terrainstamp_Canyon01_Brush.brush using Guid(9b1536174e1306f4eb016fe953e5a678) Importer(815301076,1909f56bfc062723c751e8b465ee728b)  -> (artifact id: '8448ac1750a96edc85eb9837e8c28a18') in 0.032024 seconds 
========================================================================
Received Import Request.
  Time since last request: 213.998746 seconds.
  path: Assets/TerrainSampleAssets/TerrainBrushes/Terrainstamp_Canyon04_Brush.brush
  artifactKey: Guid(dc670a42db363de40a6e6d9f231404ca) Importer(815301076,1909f56bfc062723c751e8b465ee728b)
Start importing Assets/TerrainSampleAssets/TerrainBrushes/Terrainstamp_Canyon04_Brush.brush using Guid(dc670a42db363de40a6e6d9f231404ca) Importer(815301076,1909f56bfc062723c751e8b465ee728b)  -> (artifact id: '54615463355d3c62c279d69ac223db27') in 0.041289 seconds 
========================================================================
Received Import Request.
  Time since last request: 39.512229 seconds.
  path: Assets/TerrainSampleAssets/TerrainBrushes/Terrainstamp_Hills02_Brush.brush
  artifactKey: Guid(f31e3331ec5f6954e8c6ac51cc3d8c79) Importer(815301076,1909f56bfc062723c751e8b465ee728b)
Start importing Assets/TerrainSampleAssets/TerrainBrushes/Terrainstamp_Hills02_Brush.brush using Guid(f31e3331ec5f6954e8c6ac51cc3d8c79) Importer(815301076,1909f56bfc062723c751e8b465ee728b)  -> (artifact id: '75e79c68e967463e8ad71264bd394e1d') in 0.051461 seconds 
========================================================================
Received Import Request.
  Time since last request: 292.757404 seconds.
  path: Assets/MAP.asset
  artifactKey: Guid(ce1b93571dc781006a06df50cb8d767a) Importer(815301076,1909f56bfc062723c751e8b465ee728b)
Start importing Assets/MAP.asset using Guid(ce1b93571dc781006a06df50cb8d767a) Importer(815301076,1909f56bfc062723c751e8b465ee728b)  -> (artifact id: 'db2743a5397f6428e6f9660a026b5291') in 0.012729 seconds 
========================================================================
Received Prepare
Registering precompiled user dll's ...
Registered in 0.003622 seconds.
Begin MonoManager ReloadAssembly
Symbol file LoadedFromMemory doesn't match image E:\Simps\Library\PackageCache\com.unity.visualscripting@1.7.8\Editor\VisualScripting.Core\Dependencies\YamlDotNet\Unity.VisualScripting.YamlDotNet.dll
Symbol file LoadedFromMemory doesn't match image E:\Simps\Library\PackageCache\com.unity.visualscripting@1.7.8\Editor\VisualScripting.Core\Dependencies\DotNetZip\Unity.VisualScripting.IonicZip.dll
Native extension for WindowsStandalone target not found
Native extension for WebGL target not found
Refreshing native plugins compatible for Editor in 0.93 ms, found 3 plugins.
Preloading 0 native plugins for Editor in 0.00 ms.
Mono: successfully reloaded assembly
- Completed reload, in  1.087 seconds
Domain Reload Profiling:
	ReloadAssembly (1088ms)
		BeginReloadAssembly (305ms)
			ExecutionOrderSort (0ms)
			DisableScriptedObjects (13ms)
			BackupInstance (0ms)
			ReleaseScriptingObjects (0ms)
			CreateAndSetChildDomain (119ms)
		EndReloadAssembly (696ms)
			LoadAssemblies (120ms)
			RebuildTransferFunctionScriptingTraits (0ms)
			SetupTypeCache (269ms)
			ReleaseScriptCaches (1ms)
			RebuildScriptCaches (38ms)
			SetupLoadedEditorAssemblies (276ms)
				LogAssemblyErrors (0ms)
				InitializePlatformSupportModulesInManaged (12ms)
				SetLoadedEditorAssemblies (1ms)
				RefreshPlugins (1ms)
				BeforeProcessingInitializeOnLoad (56ms)
				ProcessInitializeOnLoadAttributes (176ms)
				ProcessInitializeOnLoadMethodAttributes (27ms)
				AfterProcessingInitializeOnLoad (2ms)
				EditorAssembliesLoaded (0ms)
			ExecutionOrderSort2 (0ms)
			AwakeInstancesAfterBackupRestoration (7ms)
Platform modules already initialized, skipping
Refreshing native plugins compatible for Editor in 1.54 ms, found 3 plugins.
Preloading 0 native plugins for Editor in 0.00 ms.
Unloading 3386 Unused Serialized files (Serialized files now loaded: 0)
Unloading 28 unused Assets / (17.0 MB). Loaded Objects now: 3858.
Memory consumption went from 138.6 MB to 121.6 MB.
Total: 5.286000 ms (FindLiveObjects: 0.299300 ms CreateObjectMapping: 0.085000 ms MarkObjects: 3.760900 ms  DeleteObjects: 1.139300 ms)

AssetImportParameters requested are different than current active one (requested -> active):
  custom:video-decoder-ogg-theora: a1e56fd34408186e4bbccfd4996cb3dc -> 
  custom:container-muxer-webm: aa71ff27fc2769a1b78a27578f13a17b -> 
  custom:container-demuxer-webm: 4f35f7cbe854078d1ac9338744f61a02 -> 
  custom:video-encoder-webm-vp8: eb34c28f22e8b96e1ab97ce403110664 -> 
  custom:audio-encoder-webm-vorbis: bf7c407c2cedff20999df2af8eb42d56 -> 
  custom:framework-win-MediaFoundation: 216162199b28c13a410421893ffa2e32 -> 
  custom:container-demuxer-ogg: 62fdf1f143b41e24485cea50d1cbac27 -> 
  custom:video-decoder-webm-vp8: 9c59270c3fd7afecdb556c50c9e8de78 -> 
  custom:audio-decoder-ogg-vorbis: bf7c407c2cedff20999df2af8eb42d56 -> 
========================================================================
Received Import Request.
  Time since last request: 3077.004734 seconds.
  path: Assets/TerrainSampleAssets/Prefabs/Bush_A.prefab
  artifactKey: Guid(0ec1c69bd47ad864f96cc2b516f6cd4b) Importer(815301076,1909f56bfc062723c751e8b465ee728b)
Start importing Assets/TerrainSampleAssets/Prefabs/Bush_A.prefab using Guid(0ec1c69bd47ad864f96cc2b516f6cd4b) Importer(815301076,1909f56bfc062723c751e8b465ee728b)  -> (artifact id: '84bb0715558cc7e8d8f013571682060f') in 0.533862 seconds 
========================================================================
Received Import Request.
  Time since last request: 0.000022 seconds.
  path: Assets/TerrainSampleAssets/Prefabs/Heather_B.prefab
  artifactKey: Guid(dd902ff2a6f685041be127af00c09664) Importer(815301076,1909f56bfc062723c751e8b465ee728b)
Start importing Assets/TerrainSampleAssets/Prefabs/Heather_B.prefab using Guid(dd902ff2a6f685041be127af00c09664) Importer(815301076,1909f56bfc062723c751e8b465ee728b)  -> (artifact id: '2ea5405d76f0a20bfceb7b54dcb4a759') in 0.467506 seconds 
========================================================================
Received Import Request.
  Time since last request: 0.000034 seconds.
  path: Assets/TerrainSampleAssets/Prefabs/Grass_C.prefab
  artifactKey: Guid(4c72217d56dcb6749a897a75cad1f34e) Importer(815301076,1909f56bfc062723c751e8b465ee728b)
Start importing Assets/TerrainSampleAssets/Prefabs/Grass_C.prefab using Guid(4c72217d56dcb6749a897a75cad1f34e) Importer(815301076,1909f56bfc062723c751e8b465ee728b)  -> (artifact id: 'c92b7cf8098454cd6e1167912e1a9099') in 0.106177 seconds 
========================================================================
Received Import Request.
  Time since last request: 0.000027 seconds.
  path: Assets/TerrainSampleAssets/Prefabs/BushDry_A.prefab
  artifactKey: Guid(176a42107ce66c44aa74a67424591597) Importer(815301076,1909f56bfc062723c751e8b465ee728b)
Start importing Assets/TerrainSampleAssets/Prefabs/BushDry_A.prefab using Guid(176a42107ce66c44aa74a67424591597) Importer(815301076,1909f56bfc062723c751e8b465ee728b)  -> (artifact id: 'ce3aa3aae12883e292c143c312be80e9') in 0.483541 seconds 
========================================================================
Received Import Request.
  Time since last request: 0.000041 seconds.
  path: Assets/TerrainSampleAssets/Prefabs/Fern_C.prefab
  artifactKey: Guid(4786e2698ac97a949a9209febfcbd49b) Importer(815301076,1909f56bfc062723c751e8b465ee728b)
Start importing Assets/TerrainSampleAssets/Prefabs/Fern_C.prefab using Guid(4786e2698ac97a949a9209febfcbd49b) Importer(815301076,1909f56bfc062723c751e8b465ee728b)  -> (artifact id: '346ff84533893ea17aeb983f67206696') in 0.435125 seconds 
========================================================================
Received Import Request.
  Time since last request: 0.000028 seconds.
  path: Assets/Conifers [BOTD]/Render Pipeline Support/Built-in RP/Prefabs/PF Conifer Small BOTD.prefab
  artifactKey: Guid(7e3c80b421a0d465b80b8e51a763ea9c) Importer(815301076,1909f56bfc062723c751e8b465ee728b)
Start importing Assets/Conifers [BOTD]/Render Pipeline Support/Built-in RP/Prefabs/PF Conifer Small BOTD.prefab using Guid(7e3c80b421a0d465b80b8e51a763ea9c) Importer(815301076,1909f56bfc062723c751e8b465ee728b)  -> (artifact id: '6bf2c1790f0ff49085d438d737d4b4ba') in 1.422705 seconds 
========================================================================
Received Import Request.
  Time since last request: 0.000025 seconds.
  path: Assets/TerrainSampleAssets/Prefabs/Plant_B.prefab
  artifactKey: Guid(0a701dc0b49cb264c88918e012866821) Importer(815301076,1909f56bfc062723c751e8b465ee728b)
Start importing Assets/TerrainSampleAssets/Prefabs/Plant_B.prefab using Guid(0a701dc0b49cb264c88918e012866821) Importer(815301076,1909f56bfc062723c751e8b465ee728b)  -> (artifact id: '8290514972043a4791cf124db9cd7b61') in 0.028783 seconds 
========================================================================
Received Import Request.
  Time since last request: 0.000033 seconds.
  path: Assets/TerrainSampleAssets/Prefabs/GrassDry_A.prefab
  artifactKey: Guid(9e8508e3025d9c844810b83c5607c09e) Importer(815301076,1909f56bfc062723c751e8b465ee728b)
Start importing Assets/TerrainSampleAssets/Prefabs/GrassDry_A.prefab using Guid(9e8508e3025d9c844810b83c5607c09e) Importer(815301076,1909f56bfc062723c751e8b465ee728b)  -> (artifact id: 'cb6a9666f82b692bbbfad23890a40fa7') in 0.099694 seconds 
========================================================================
Received Import Request.
  Time since last request: 0.000025 seconds.
  path: Assets/TerrainSampleAssets/Prefabs/Grass_B.prefab
  artifactKey: Guid(7b3e6db10d22f504dbc606110b2cb5e7) Importer(815301076,1909f56bfc062723c751e8b465ee728b)
Start importing Assets/TerrainSampleAssets/Prefabs/Grass_B.prefab using Guid(7b3e6db10d22f504dbc606110b2cb5e7) Importer(815301076,1909f56bfc062723c751e8b465ee728b)  -> (artifact id: 'b5d98c4dfea17a565c7e1bb761a64f01') in 0.031380 seconds 
========================================================================
Received Import Request.
  Time since last request: 0.000037 seconds.
  path: Assets/TerrainSampleAssets/Prefabs/GrassDry_C.prefab
  artifactKey: Guid(8aa8def6286fc784ba128570ec475974) Importer(815301076,1909f56bfc062723c751e8b465ee728b)
Start importing Assets/TerrainSampleAssets/Prefabs/GrassDry_C.prefab using Guid(8aa8def6286fc784ba128570ec475974) Importer(815301076,1909f56bfc062723c751e8b465ee728b)  -> (artifact id: '0014f7044e37b97dae2cef1cfdf0ac88') in 0.036545 seconds 
========================================================================
Received Import Request.
  Time since last request: 0.000021 seconds.
  path: Assets/Conifers [BOTD]/Render Pipeline Support/Built-in RP/Prefabs/PF Conifer Medium BOTD.prefab
  artifactKey: Guid(abdd95d0229d64588b03d2806d9cc19a) Importer(815301076,1909f56bfc062723c751e8b465ee728b)
Start importing Assets/Conifers [BOTD]/Render Pipeline Support/Built-in RP/Prefabs/PF Conifer Medium BOTD.prefab using Guid(abdd95d0229d64588b03d2806d9cc19a) Importer(815301076,1909f56bfc062723c751e8b465ee728b)  -> (artifact id: 'a70210ebbb0b69eda5941267c3813001') in 0.247643 seconds 
========================================================================
Received Import Request.
  Time since last request: 0.000029 seconds.
  path: Assets/Conifers [BOTD]/Render Pipeline Support/Built-in RP/CTI Runtime Components/PF CTI Windzone.prefab
  artifactKey: Guid(eaf383cb55cf38f448529df28e28abba) Importer(815301076,1909f56bfc062723c751e8b465ee728b)
Start importing Assets/Conifers [BOTD]/Render Pipeline Support/Built-in RP/CTI Runtime Components/PF CTI Windzone.prefab using Guid(eaf383cb55cf38f448529df28e28abba) Importer(815301076,1909f56bfc062723c751e8b465ee728b)  -> (artifact id: 'd8d882cf495c9fb02eae1d82dad44f7f') in 0.053024 seconds 
========================================================================
Received Import Request.
  Time since last request: 94.363114 seconds.
  path: Assets/TerrainSampleAssets/TerrainLayers/Black_Sand_TerrainLayer.terrainlayer
  artifactKey: Guid(ce833e94f7f7eea468b012546444cf0c) Importer(815301076,1909f56bfc062723c751e8b465ee728b)
Start importing Assets/TerrainSampleAssets/TerrainLayers/Black_Sand_TerrainLayer.terrainlayer using Guid(ce833e94f7f7eea468b012546444cf0c) Importer(815301076,1909f56bfc062723c751e8b465ee728b)  -> (artifact id: '020957d953cc7085316e9f9ce3eb65d8') in 0.549395 seconds 
========================================================================
Received Import Request.
  Time since last request: 0.000027 seconds.
  path: Assets/TerrainSampleAssets/TerrainLayers/Muddy_TerrainLayer.terrainlayer
  artifactKey: Guid(091511b8c4f042c4082a4d5af73e92c7) Importer(815301076,1909f56bfc062723c751e8b465ee728b)
Start importing Assets/TerrainSampleAssets/TerrainLayers/Muddy_TerrainLayer.terrainlayer using Guid(091511b8c4f042c4082a4d5af73e92c7) Importer(815301076,1909f56bfc062723c751e8b465ee728b)  -> (artifact id: '551bd99b145f196b83e1dfb9e0ab7181') in 0.546623 seconds 
========================================================================
Received Import Request.
  Time since last request: 0.000029 seconds.
  path: Assets/TerrainSampleAssets/TerrainLayers/Grass_Moss_TerrainLayer.terrainlayer
  artifactKey: Guid(d25c8def728088547ae6a1024dd9b481) Importer(815301076,1909f56bfc062723c751e8b465ee728b)
Start importing Assets/TerrainSampleAssets/TerrainLayers/Grass_Moss_TerrainLayer.terrainlayer using Guid(d25c8def728088547ae6a1024dd9b481) Importer(815301076,1909f56bfc062723c751e8b465ee728b)  -> (artifact id: '549baef7b3a4ccfd7ee57e06c5888f0b') in 0.603978 seconds 
========================================================================
Received Import Request.
  Time since last request: 0.000022 seconds.
  path: Assets/TerrainSampleAssets/TerrainLayers/Soil_Rocks_TerrainLayer.terrainlayer
  artifactKey: Guid(73f0b5ac607c28d4696a6dd09a1de66a) Importer(815301076,1909f56bfc062723c751e8b465ee728b)
Start importing Assets/TerrainSampleAssets/TerrainLayers/Soil_Rocks_TerrainLayer.terrainlayer using Guid(73f0b5ac607c28d4696a6dd09a1de66a) Importer(815301076,1909f56bfc062723c751e8b465ee728b)  -> (artifact id: '0398f802f80287ad56111297ee93b103') in 0.604405 seconds 
========================================================================
Received Import Request.
  Time since last request: 0.000024 seconds.
  path: Assets/TerrainSampleAssets/TerrainLayers/Pebbles_C_TerrainLayer.terrainlayer
  artifactKey: Guid(a579e897aa6ba004ab0e04fa3053263a) Importer(815301076,1909f56bfc062723c751e8b465ee728b)
Start importing Assets/TerrainSampleAssets/TerrainLayers/Pebbles_C_TerrainLayer.terrainlayer using Guid(a579e897aa6ba004ab0e04fa3053263a) Importer(815301076,1909f56bfc062723c751e8b465ee728b)  -> (artifact id: 'cfbd1a17145c5546f074baf981f35a38') in 0.471912 seconds 
========================================================================
Received Import Request.
  Time since last request: 0.000021 seconds.
  path: Assets/TerrainSampleAssets/TerrainLayers/Sand_TerrainLayer.terrainlayer
  artifactKey: Guid(1ded3ba1c5a90054e8f23ddfa62fb2b7) Importer(815301076,1909f56bfc062723c751e8b465ee728b)
Start importing Assets/TerrainSampleAssets/TerrainLayers/Sand_TerrainLayer.terrainlayer using Guid(1ded3ba1c5a90054e8f23ddfa62fb2b7) Importer(815301076,1909f56bfc062723c751e8b465ee728b)  -> (artifact id: '4aa095ce4637ddc9ff3bdbe3f8d983a0') in 0.532783 seconds 
========================================================================
Received Import Request.
  Time since last request: 0.000028 seconds.
  path: Assets/TerrainSampleAssets/TerrainLayers/Heather_TerrainLayer.terrainlayer
  artifactKey: Guid(795e383430200a14bb52726e97a0e7f4) Importer(815301076,1909f56bfc062723c751e8b465ee728b)
Start importing Assets/TerrainSampleAssets/TerrainLayers/Heather_TerrainLayer.terrainlayer using Guid(795e383430200a14bb52726e97a0e7f4) Importer(815301076,1909f56bfc062723c751e8b465ee728b)  -> (artifact id: 'e8540c0837134caf57d66537a83d6a9e') in 0.639877 seconds 
========================================================================
Received Import Request.
  Time since last request: 0.000020 seconds.
  path: Assets/TerrainSampleAssets/TerrainLayers/Tidal_Pools_TerrainLayer.terrainlayer
  artifactKey: Guid(b5fcb6edb24b4544dbcf0dad9462ee5b) Importer(815301076,1909f56bfc062723c751e8b465ee728b)
Start importing Assets/TerrainSampleAssets/TerrainLayers/Tidal_Pools_TerrainLayer.terrainlayer using Guid(b5fcb6edb24b4544dbcf0dad9462ee5b) Importer(815301076,1909f56bfc062723c751e8b465ee728b)  -> (artifact id: 'b9f2e1a7b4783ddea824b1c798acbfb1') in 0.478474 seconds 
========================================================================
Received Import Request.
  Time since last request: 10.005591 seconds.
  path: Assets/GrassFlowers/Textures/Ground/Grass01_BigUV.png
  artifactKey: Guid(38bb15d6b378aff46b461e248592d1da) Importer(815301076,1909f56bfc062723c751e8b465ee728b)
Start importing Assets/GrassFlowers/Textures/Ground/Grass01_BigUV.png using Guid(38bb15d6b378aff46b461e248592d1da) Importer(815301076,1909f56bfc062723c751e8b465ee728b)  -> (artifact id: '684b69127b2534bb609e2a2c1b733b1f') in 0.117823 seconds 
========================================================================
Received Import Request.
  Time since last request: 18.312471 seconds.
  path: Assets/TerrainSampleAssets/Textures/Terrain/Grass_Dry_BaseColor.tif
  artifactKey: Guid(7e6fff2112f33d748962082012d11cce) Importer(815301076,1909f56bfc062723c751e8b465ee728b)
Start importing Assets/TerrainSampleAssets/Textures/Terrain/Grass_Dry_BaseColor.tif using Guid(7e6fff2112f33d748962082012d11cce) Importer(815301076,1909f56bfc062723c751e8b465ee728b)  -> (artifact id: 'ba82e08bc70a754f86eb6ea1fd235d94') in 0.023085 seconds 
========================================================================
Received Import Request.
  Time since last request: 4.868278 seconds.
  path: Assets/TerrainSampleAssets/Textures/Terrain/Black_Sand_BaseColor.tif
  artifactKey: Guid(0b59c495bf285c442b1b799c94a9f8aa) Importer(815301076,1909f56bfc062723c751e8b465ee728b)
Start importing Assets/TerrainSampleAssets/Textures/Terrain/Black_Sand_BaseColor.tif using Guid(0b59c495bf285c442b1b799c94a9f8aa) Importer(815301076,1909f56bfc062723c751e8b465ee728b)  -> (artifact id: '4ff2399bf5a9bbe18ccf63f510e4ad53') in 0.014059 seconds 
========================================================================
Received Import Request.
  Time since last request: 0.000019 seconds.
  path: Assets/TerrainSampleAssets/Textures/Terrain/Black_Sand_Normal.tif
  artifactKey: Guid(28a478660ea9d9541b2118c5e95cbb4e) Importer(815301076,1909f56bfc062723c751e8b465ee728b)
Start importing Assets/TerrainSampleAssets/Textures/Terrain/Black_Sand_Normal.tif using Guid(28a478660ea9d9541b2118c5e95cbb4e) Importer(815301076,1909f56bfc062723c751e8b465ee728b)  -> (artifact id: '59d13573d9ecdfd1f955ca1437ab9f90') in 0.043093 seconds 
========================================================================
Received Import Request.
  Time since last request: 0.000020 seconds.
  path: Assets/Conifers [BOTD]/Shared Sources/Textures/BODT Conifer Trunk [Normal] [AO] [Specular].psd
  artifactKey: Guid(cc724252428df448db5a10316678900b) Importer(815301076,1909f56bfc062723c751e8b465ee728b)
Start importing Assets/Conifers [BOTD]/Shared Sources/Textures/BODT Conifer Trunk [Normal] [AO] [Specular].psd using Guid(cc724252428df448db5a10316678900b) Importer(815301076,1909f56bfc062723c751e8b465ee728b)  -> (artifact id: '8c874fcdb703d5eb4b2f4af38a785a24') in 0.021881 seconds 
========================================================================
Received Import Request.
  Time since last request: 0.000030 seconds.
  path: Assets/TerrainSampleAssets/Textures/Heightmaps/Canyon02_Heightmap.tif
  artifactKey: Guid(4fe4d3241d435594b82a72af96e4052d) Importer(815301076,1909f56bfc062723c751e8b465ee728b)
Start importing Assets/TerrainSampleAssets/Textures/Heightmaps/Canyon02_Heightmap.tif using Guid(4fe4d3241d435594b82a72af96e4052d) Importer(815301076,1909f56bfc062723c751e8b465ee728b)  -> (artifact id: '1fe164cbca5cf44a8d95e1ceda049a18') in 0.071530 seconds 
========================================================================
Received Import Request.
  Time since last request: 0.000021 seconds.
  path: Assets/TerrainSampleAssets/Textures/Details/BushDry_MaskMap.tif
  artifactKey: Guid(ba5d550271efae04b84eeb0e550be656) Importer(815301076,1909f56bfc062723c751e8b465ee728b)
Start importing Assets/TerrainSampleAssets/Textures/Details/BushDry_MaskMap.tif using Guid(ba5d550271efae04b84eeb0e550be656) Importer(815301076,1909f56bfc062723c751e8b465ee728b)  -> (artifact id: 'a4f0b5539679c0a4daac2a45c27e7e17') in 0.019199 seconds 
========================================================================
Received Import Request.
  Time since last request: 0.000020 seconds.
  path: Assets/Conifers [BOTD]/Shared Sources/Textures/BODT Conifer Branches [Trans] [Smoothness].psd
  artifactKey: Guid(ca6a46a4d37514e00ae826202bad794e) Importer(815301076,1909f56bfc062723c751e8b465ee728b)
Start importing Assets/Conifers [BOTD]/Shared Sources/Textures/BODT Conifer Branches [Trans] [Smoothness].psd using Guid(ca6a46a4d37514e00ae826202bad794e) Importer(815301076,1909f56bfc062723c751e8b465ee728b)  -> (artifact id: 'c540bf6d470498c9838e796284d91604') in 0.015337 seconds 
========================================================================
Received Import Request.
  Time since last request: 0.000021 seconds.
  path: Assets/Conifers [BOTD]/Shared Sources/Textures/BODT Conifer x Stump [Normal] [AO] [Specular].tif
  artifactKey: Guid(7292f645408434cb896aaee2fd9c2a14) Importer(815301076,1909f56bfc062723c751e8b465ee728b)
Start importing Assets/Conifers [BOTD]/Shared Sources/Textures/BODT Conifer x Stump [Normal] [AO] [Specular].tif using Guid(7292f645408434cb896aaee2fd9c2a14) Importer(815301076,1909f56bfc062723c751e8b465ee728b)  -> (artifact id: 'e71d1ecf50aec507621c1672a2a2e29b') in 0.018751 seconds 
========================================================================
Received Import Request.
  Time since last request: 0.000034 seconds.
  path: Assets/TerrainSampleAssets/Textures/Details/Bush_A_MaskMap.tif
  artifactKey: Guid(0e1771a5cd057014db71494d5a458d40) Importer(815301076,1909f56bfc062723c751e8b465ee728b)
Start importing Assets/TerrainSampleAssets/Textures/Details/Bush_A_MaskMap.tif using Guid(0e1771a5cd057014db71494d5a458d40) Importer(815301076,1909f56bfc062723c751e8b465ee728b)  -> (artifact id: '99d7be18221782f27849de5c7fe59aef') in 0.019317 seconds 
========================================================================
Received Import Request.
  Time since last request: 0.000032 seconds.
  path: Assets/TerrainSampleAssets/Textures/Details/BushDry_Thickness.tif
  artifactKey: Guid(100a50e8b1d0bc04b95bc2f03cb760db) Importer(815301076,1909f56bfc062723c751e8b465ee728b)
Start importing Assets/TerrainSampleAssets/Textures/Details/BushDry_Thickness.tif using Guid(100a50e8b1d0bc04b95bc2f03cb760db) Importer(815301076,1909f56bfc062723c751e8b465ee728b)  -> (artifact id: 'fc756d038dc04dddd7b457a91e246654') in 0.016768 seconds 
========================================================================
Received Import Request.
  Time since last request: 0.000051 seconds.
  path: Assets/TerrainSampleAssets/Textures/Details/BushDry_BaseColor.tif
  artifactKey: Guid(a366a386d5147ee47b6111652608c240) Importer(815301076,1909f56bfc062723c751e8b465ee728b)
Start importing Assets/TerrainSampleAssets/Textures/Details/BushDry_BaseColor.tif using Guid(a366a386d5147ee47b6111652608c240) Importer(815301076,1909f56bfc062723c751e8b465ee728b)  -> (artifact id: '4945392c3248f5f9e522c75d3800703f') in 0.020400 seconds 
========================================================================
Received Import Request.
  Time since last request: 0.352890 seconds.
  path: Assets/TerrainSampleAssets/Textures/Heightmaps/Canyon04_Heightmap.tif
  artifactKey: Guid(fd3a283142a57bd4aa8029f5e0705fc5) Importer(815301076,1909f56bfc062723c751e8b465ee728b)
Start importing Assets/TerrainSampleAssets/Textures/Heightmaps/Canyon04_Heightmap.tif using Guid(fd3a283142a57bd4aa8029f5e0705fc5) Importer(815301076,1909f56bfc062723c751e8b465ee728b)  -> (artifact id: '0ec752cedac350416801c46bf6423f34') in 0.183302 seconds 
========================================================================
Received Import Request.
  Time since last request: 0.000028 seconds.
  path: Assets/TerrainSampleAssets/Textures/Heightmaps/Clouds_Heightmap.tif
  artifactKey: Guid(791ebe8a3d329b34ca7dc4616ec3cd34) Importer(815301076,1909f56bfc062723c751e8b465ee728b)
Start importing Assets/TerrainSampleAssets/Textures/Heightmaps/Clouds_Heightmap.tif using Guid(791ebe8a3d329b34ca7dc4616ec3cd34) Importer(815301076,1909f56bfc062723c751e8b465ee728b)  -> (artifact id: '517e41981f675af6c753aa506e5c53d9') in 0.048195 seconds 
========================================================================
Received Import Request.
  Time since last request: 0.000032 seconds.
  path: Assets/Conifers [BOTD]/Shared Sources/Textures/Billboards/Billboard Bare/Conifer Bare [Normal] [Trans] [Smoothness].png
  artifactKey: Guid(a88058accae174b14b3aac765ff6bd72) Importer(815301076,1909f56bfc062723c751e8b465ee728b)
Start importing Assets/Conifers [BOTD]/Shared Sources/Textures/Billboards/Billboard Bare/Conifer Bare [Normal] [Trans] [Smoothness].png using Guid(a88058accae174b14b3aac765ff6bd72) Importer(815301076,1909f56bfc062723c751e8b465ee728b)  -> (artifact id: '2445d0567ba2fc076f2a5c8199370195') in 0.015654 seconds 
========================================================================
Received Import Request.
  Time since last request: 0.000020 seconds.
  path: Assets/Conifers [BOTD]/Shared Sources/Textures/Billboards/Billboard Medium/Conifer Medium [Albedo].png
  artifactKey: Guid(5f07a52da52e24af1b58f7c3f631068c) Importer(815301076,1909f56bfc062723c751e8b465ee728b)
Start importing Assets/Conifers [BOTD]/Shared Sources/Textures/Billboards/Billboard Medium/Conifer Medium [Albedo].png using Guid(5f07a52da52e24af1b58f7c3f631068c) Importer(815301076,1909f56bfc062723c751e8b465ee728b)  -> (artifact id: 'ddc474d390fbc66b6b00355c3586ef36') in 0.015001 seconds 
========================================================================
Received Import Request.
  Time since last request: 0.000023 seconds.
  path: Assets/Conifers [BOTD]/Shared Sources/Textures/Billboards/Billboard Small/Conifer Small [Normal] [Trans] [Smoothness].png
  artifactKey: Guid(6774adab402874d14b5f931ea7cc3386) Importer(815301076,1909f56bfc062723c751e8b465ee728b)
Start importing Assets/Conifers [BOTD]/Shared Sources/Textures/Billboards/Billboard Small/Conifer Small [Normal] [Trans] [Smoothness].png using Guid(6774adab402874d14b5f931ea7cc3386) Importer(815301076,1909f56bfc062723c751e8b465ee728b)  -> (artifact id: 'a2e7fd60f8cd5f88b4d3c0c5dba26ada') in 0.021191 seconds 
========================================================================
Received Import Request.
  Time since last request: 8.384627 seconds.
  path: Assets/TerrainSampleAssets/Textures/Terrain/Grass_Moss_BaseColor.tif
  artifactKey: Guid(d44cec25420524046b0137655ed7f307) Importer(815301076,1909f56bfc062723c751e8b465ee728b)
Start importing Assets/TerrainSampleAssets/Textures/Terrain/Grass_Moss_BaseColor.tif using Guid(d44cec25420524046b0137655ed7f307) Importer(815301076,1909f56bfc062723c751e8b465ee728b)  -> (artifact id: 'ae671a7cf596906d37d83b05bac85b78') in 0.013590 seconds 
========================================================================
Received Import Request.
  Time since last request: 1.375872 seconds.
  path: Assets/TerrainSampleAssets/Textures/Terrain/Grass_Dry_Normal.tif
  artifactKey: Guid(d835c61db4c94444eabef9cf95e8a7c4) Importer(815301076,1909f56bfc062723c751e8b465ee728b)
Start importing Assets/TerrainSampleAssets/Textures/Terrain/Grass_Dry_Normal.tif using Guid(d835c61db4c94444eabef9cf95e8a7c4) Importer(815301076,1909f56bfc062723c751e8b465ee728b)  -> (artifact id: '3deb398f0aeb1c9aa03330d039f2949b') in 0.018410 seconds 
========================================================================
Received Import Request.
  Time since last request: 356.678346 seconds.
  path: Assets/Conifers [BOTD]/Shared Sources/Textures/Billboards/Billboard Tall/Conifer Tall [Albedo].png
  artifactKey: Guid(d7ffe1fa944f34298b984303aca8ae36) Importer(815301076,1909f56bfc062723c751e8b465ee728b)
Start importing Assets/Conifers [BOTD]/Shared Sources/Textures/Billboards/Billboard Tall/Conifer Tall [Albedo].png using Guid(d7ffe1fa944f34298b984303aca8ae36) Importer(815301076,1909f56bfc062723c751e8b465ee728b)  -> (artifact id: '414b487813f46c0fb3c9e71fd69e402c') in 0.036911 seconds 
========================================================================
Received Import Request.
  Time since last request: 0.000036 seconds.
  path: Assets/Conifers [BOTD]/Render Pipeline Support/Built-in RP/CTI Runtime Components/Default Components/Resources/CTI_default_ao_trans_smoothness.psd
  artifactKey: Guid(46de76019358942b7b0dd6b41a2ae40a) Importer(815301076,1909f56bfc062723c751e8b465ee728b)
Start importing Assets/Conifers [BOTD]/Render Pipeline Support/Built-in RP/CTI Runtime Components/Default Components/Resources/CTI_default_ao_trans_smoothness.psd using Guid(46de76019358942b7b0dd6b41a2ae40a) Importer(815301076,1909f56bfc062723c751e8b465ee728b)  -> (artifact id: '54f70d088dfee84edcd402534785aacc') in 0.043085 seconds 
========================================================================
Received Import Request.
  Time since last request: 0.000022 seconds.
  path: Assets/TerrainSampleAssets/Textures/Heightmaps/Default_White.tif
  artifactKey: Guid(63c633526981fac49b5eb44c0212bf2f) Importer(815301076,1909f56bfc062723c751e8b465ee728b)
Start importing Assets/TerrainSampleAssets/Textures/Heightmaps/Default_White.tif using Guid(63c633526981fac49b5eb44c0212bf2f) Importer(815301076,1909f56bfc062723c751e8b465ee728b)  -> (artifact id: '88daa01b5d16e5b2db4d84f4944803ee') in 0.060891 seconds 
========================================================================
Received Import Request.
  Time since last request: 0.000029 seconds.
  path: Assets/TerrainSampleAssets/Textures/Heightmaps/Errosion01_Heightmap.tif
  artifactKey: Guid(228af47692a8c7c49b93049646ac6c46) Importer(815301076,1909f56bfc062723c751e8b465ee728b)
Start importing Assets/TerrainSampleAssets/Textures/Heightmaps/Errosion01_Heightmap.tif using Guid(228af47692a8c7c49b93049646ac6c46) Importer(815301076,1909f56bfc062723c751e8b465ee728b)  -> (artifact id: '784a1cc1cb336d4bae87d1a4608c4d51') in 0.247943 seconds 
========================================================================
Received Import Request.
  Time since last request: 0.000023 seconds.
  path: Assets/TerrainSampleAssets/Textures/Terrain/Grass_A_BaseColor.tif
  artifactKey: Guid(b39336e67b68db14aa4a8a7f883e5aff) Importer(815301076,1909f56bfc062723c751e8b465ee728b)
Start importing Assets/TerrainSampleAssets/Textures/Terrain/Grass_A_BaseColor.tif using Guid(b39336e67b68db14aa4a8a7f883e5aff) Importer(815301076,1909f56bfc062723c751e8b465ee728b)  -> (artifact id: '5aff09b236c7fc565442ae8a8510a2d9') in 0.021487 seconds 
========================================================================
Received Import Request.
  Time since last request: 0.000027 seconds.
  path: Assets/TerrainSampleAssets/Textures/Heightmaps/Flat_Mountain01_Heightmap.tif
  artifactKey: Guid(d2a704d1b2d8ad948aab36a028a684b5) Importer(815301076,1909f56bfc062723c751e8b465ee728b)
Start importing Assets/TerrainSampleAssets/Textures/Heightmaps/Flat_Mountain01_Heightmap.tif using Guid(d2a704d1b2d8ad948aab36a028a684b5) Importer(815301076,1909f56bfc062723c751e8b465ee728b)  -> (artifact id: 'd061defaf684ba6600a4b21733e10092') in 0.148230 seconds 
========================================================================
Received Import Request.
  Time since last request: 0.000029 seconds.
  path: Assets/TerrainSampleAssets/Textures/Details/Fern_Normal.tif
  artifactKey: Guid(8cb2914aba3e5d545bb189195869f9f4) Importer(815301076,1909f56bfc062723c751e8b465ee728b)
Start importing Assets/TerrainSampleAssets/Textures/Details/Fern_Normal.tif using Guid(8cb2914aba3e5d545bb189195869f9f4) Importer(815301076,1909f56bfc062723c751e8b465ee728b)  -> (artifact id: '6dc23555622ebe26426343b72cbce0f2') in 0.019698 seconds 
========================================================================
Received Import Request.
  Time since last request: 0.000018 seconds.
  path: Assets/GrassFlowers/Textures/GrassFlowers/grass02.tga
  artifactKey: Guid(cf3069941001b5c46b1f13d4551d0fd9) Importer(815301076,1909f56bfc062723c751e8b465ee728b)
Start importing Assets/GrassFlowers/Textures/GrassFlowers/grass02.tga using Guid(cf3069941001b5c46b1f13d4551d0fd9) Importer(815301076,1909f56bfc062723c751e8b465ee728b)  -> (artifact id: '95599411b5ecdd1de0c4d278ff53b3cd') in 0.086454 seconds 
========================================================================
Received Import Request.
  Time since last request: 0.000026 seconds.
  path: Assets/TerrainSampleAssets/Textures/Terrain/Grass_B_Normal.tif
  artifactKey: Guid(eb70932bab3d971408c011dbb45767a9) Importer(815301076,1909f56bfc062723c751e8b465ee728b)
Start importing Assets/TerrainSampleAssets/Textures/Terrain/Grass_B_Normal.tif using Guid(eb70932bab3d971408c011dbb45767a9) Importer(815301076,1909f56bfc062723c751e8b465ee728b)  -> (artifact id: '1546fe9df6bb5339f9661b13741583c3') in 0.018490 seconds 
========================================================================
Received Import Request.
  Time since last request: 0.000029 seconds.
  path: Assets/TerrainSampleAssets/Textures/Details/Grass_C_MaskMap.tif
  artifactKey: Guid(20e5036a7508c01479cdb7338b1c86cc) Importer(815301076,1909f56bfc062723c751e8b465ee728b)
Start importing Assets/TerrainSampleAssets/Textures/Details/Grass_C_MaskMap.tif using Guid(20e5036a7508c01479cdb7338b1c86cc) Importer(815301076,1909f56bfc062723c751e8b465ee728b)  -> (artifact id: '5f9e76957801aaaedaf655c0b450de0c') in 0.019684 seconds 
========================================================================
Received Import Request.
  Time since last request: 0.000019 seconds.
  path: Assets/TerrainSampleAssets/Textures/Details/Grass_C_Normal.tif
  artifactKey: Guid(ec6838d3bd80287449a69dc40380ebc8) Importer(815301076,1909f56bfc062723c751e8b465ee728b)
Start importing Assets/TerrainSampleAssets/Textures/Details/Grass_C_Normal.tif using Guid(ec6838d3bd80287449a69dc40380ebc8) Importer(815301076,1909f56bfc062723c751e8b465ee728b)  -> (artifact id: '41cad8cf0d12f13b742bce2bc46e564d') in 0.020508 seconds 
========================================================================
Received Import Request.
  Time since last request: 0.000021 seconds.
  path: Assets/TerrainSampleAssets/Textures/Details/Grass_C_BaseColor.tif
  artifactKey: Guid(696617d4dc7551d4cb58b7f30d022160) Importer(815301076,1909f56bfc062723c751e8b465ee728b)
Start importing Assets/TerrainSampleAssets/Textures/Details/Grass_C_BaseColor.tif using Guid(696617d4dc7551d4cb58b7f30d022160) Importer(815301076,1909f56bfc062723c751e8b465ee728b)  -> (artifact id: 'a4861d696a1259c084252b97c96e0a0d') in 0.018352 seconds 
========================================================================
Received Import Request.
  Time since last request: 0.000024 seconds.
  path: Assets/TerrainSampleAssets/Textures/Details/Grass_C_Thickness.tif
  artifactKey: Guid(5ac60e8e8739b1f4daeb70e1c662df49) Importer(815301076,1909f56bfc062723c751e8b465ee728b)
Start importing Assets/TerrainSampleAssets/Textures/Details/Grass_C_Thickness.tif using Guid(5ac60e8e8739b1f4daeb70e1c662df49) Importer(815301076,1909f56bfc062723c751e8b465ee728b)  -> (artifact id: '512e82c3d7b884123699fbce70c3ae2b') in 0.016511 seconds 
========================================================================
Received Import Request.
  Time since last request: 0.625646 seconds.
  path: Assets/TerrainSampleAssets/Textures/Terrain/Grass_Moss_MaskMap.tif
  artifactKey: Guid(2d41276a33f8bc949b93fed615e212c4) Importer(815301076,1909f56bfc062723c751e8b465ee728b)
Start importing Assets/TerrainSampleAssets/Textures/Terrain/Grass_Moss_MaskMap.tif using Guid(2d41276a33f8bc949b93fed615e212c4) Importer(815301076,1909f56bfc062723c751e8b465ee728b)  -> (artifact id: '43a8b8b0c1097c01a2bab453381d49d1') in 0.020238 seconds 
========================================================================
Received Import Request.
  Time since last request: 0.000027 seconds.
  path: Assets/TerrainSampleAssets/Textures/Terrain/Grass_Soil_BaseColor.tif
  artifactKey: Guid(bde7423cb35c64746b6b24c63040dcb0) Importer(815301076,1909f56bfc062723c751e8b465ee728b)
Start importing Assets/TerrainSampleAssets/Textures/Terrain/Grass_Soil_BaseColor.tif using Guid(bde7423cb35c64746b6b24c63040dcb0) Importer(815301076,1909f56bfc062723c751e8b465ee728b)  -> (artifact id: '8435c8db4a880f586e4652f26fb2e339') in 0.015529 seconds 
========================================================================
Received Import Request.
  Time since last request: 0.015963 seconds.
  path: Assets/TerrainSampleAssets/Textures/Details/GrassDry_BaseColor.tif
  artifactKey: Guid(3785d5abd275c7147a10aa4bf8720df4) Importer(815301076,1909f56bfc062723c751e8b465ee728b)
Start importing Assets/TerrainSampleAssets/Textures/Details/GrassDry_BaseColor.tif using Guid(3785d5abd275c7147a10aa4bf8720df4) Importer(815301076,1909f56bfc062723c751e8b465ee728b)  -> (artifact id: 'db3e066d2765a79faf5f44d49be07da5') in 0.019057 seconds 
========================================================================
Received Import Request.
  Time since last request: 0.000030 seconds.
  path: Assets/TerrainSampleAssets/Textures/Details/GrassDry_MaskMap.tif
  artifactKey: Guid(d3cf4500414007c4c895584cfcf1fbc3) Importer(815301076,1909f56bfc062723c751e8b465ee728b)
Start importing Assets/TerrainSampleAssets/Textures/Details/GrassDry_MaskMap.tif using Guid(d3cf4500414007c4c895584cfcf1fbc3) Importer(815301076,1909f56bfc062723c751e8b465ee728b)  -> (artifact id: '8ffb25a3262b3c35d8acc09612f7fc30') in 0.012088 seconds 
========================================================================
Received Import Request.
  Time since last request: 0.000031 seconds.
  path: Assets/TerrainSampleAssets/Textures/Details/GrassDry_Thickness.tif
  artifactKey: Guid(77efac6da14b90f48895b89d90b5ef3f) Importer(815301076,1909f56bfc062723c751e8b465ee728b)
Start importing Assets/TerrainSampleAssets/Textures/Details/GrassDry_Thickness.tif using Guid(77efac6da14b90f48895b89d90b5ef3f) Importer(815301076,1909f56bfc062723c751e8b465ee728b)  -> (artifact id: '1366cce9032b556f002b14227a1092b5') in 0.013054 seconds 
========================================================================
Received Import Request.
  Time since last request: 1.567215 seconds.
  path: Assets/GrassFlowers/Textures/GrassFlowers/grassFlower02.tga
  artifactKey: Guid(b0601839c4520064bb61d58d088810bc) Importer(815301076,1909f56bfc062723c751e8b465ee728b)
Start importing Assets/GrassFlowers/Textures/GrassFlowers/grassFlower02.tga using Guid(b0601839c4520064bb61d58d088810bc) Importer(815301076,1909f56bfc062723c751e8b465ee728b)  -> (artifact id: '0c96fb5332a39cec747d5c3158543c63') in 0.069189 seconds 
========================================================================
Received Import Request.
  Time since last request: 0.000021 seconds.
  path: Assets/GrassFlowers/Textures/GrassFlowers/grassFlower04.tga
  artifactKey: Guid(5c744e80ad52c884c9ac4c9139b3aaae) Importer(815301076,1909f56bfc062723c751e8b465ee728b)
Start importing Assets/GrassFlowers/Textures/GrassFlowers/grassFlower04.tga using Guid(5c744e80ad52c884c9ac4c9139b3aaae) Importer(815301076,1909f56bfc062723c751e8b465ee728b)  -> (artifact id: '1441ab17fca2026aea780477b628c377') in 0.109756 seconds 
========================================================================
Received Import Request.
  Time since last request: 0.430867 seconds.
  path: Assets/GrassFlowers/Textures/GrassFlowers/grassFlower07.tga
  artifactKey: Guid(5afd653e4d79b7a4c9523dd543c0bead) Importer(815301076,1909f56bfc062723c751e8b465ee728b)
Start importing Assets/GrassFlowers/Textures/GrassFlowers/grassFlower07.tga using Guid(5afd653e4d79b7a4c9523dd543c0bead) Importer(815301076,1909f56bfc062723c751e8b465ee728b)  -> (artifact id: 'cc00f1a412fdc105870eaa1228f8ad09') in 0.085474 seconds 
========================================================================
Received Import Request.
  Time since last request: 0.000024 seconds.
  path: Assets/TerrainSampleAssets/Textures/Terrain/Heather_MaskMap.tif
  artifactKey: Guid(240efe9002d9e7a44b9f2a592f357102) Importer(815301076,1909f56bfc062723c751e8b465ee728b)
Start importing Assets/TerrainSampleAssets/Textures/Terrain/Heather_MaskMap.tif using Guid(240efe9002d9e7a44b9f2a592f357102) Importer(815301076,1909f56bfc062723c751e8b465ee728b)  -> (artifact id: '72d3ea5861f8ecbf1b2c7a54d5e2f798') in 0.020691 seconds 
========================================================================
Received Import Request.
  Time since last request: 0.000018 seconds.
  path: Assets/TerrainSampleAssets/Textures/Details/Heather_A_MaskMap.tif
  artifactKey: Guid(2acdbd081c9f4e7448a4885ecf259aaf) Importer(815301076,1909f56bfc062723c751e8b465ee728b)
Start importing Assets/TerrainSampleAssets/Textures/Details/Heather_A_MaskMap.tif using Guid(2acdbd081c9f4e7448a4885ecf259aaf) Importer(815301076,1909f56bfc062723c751e8b465ee728b)  -> (artifact id: 'b9760dd3e0219bb992e9e30af3df63a1') in 0.049110 seconds 
========================================================================
Received Import Request.
  Time since last request: 0.000019 seconds.
  path: Assets/TerrainSampleAssets/Textures/Details/Heather_A_Normal.tif
  artifactKey: Guid(b5680c218e8592f489953c2723e3aac4) Importer(815301076,1909f56bfc062723c751e8b465ee728b)
Start importing Assets/TerrainSampleAssets/Textures/Details/Heather_A_Normal.tif using Guid(b5680c218e8592f489953c2723e3aac4) Importer(815301076,1909f56bfc062723c751e8b465ee728b)  -> (artifact id: '5cbaa4b4fd1be700a55c35ef687db173') in 0.022978 seconds 
========================================================================
Received Import Request.
  Time since last request: 0.000029 seconds.
  path: Assets/GrassFlowers/Textures/GrassFlowers/grassFlower09.tga
  artifactKey: Guid(d238efbd27bc5ae4ead9839995f74830) Importer(815301076,1909f56bfc062723c751e8b465ee728b)
Start importing Assets/GrassFlowers/Textures/GrassFlowers/grassFlower09.tga using Guid(d238efbd27bc5ae4ead9839995f74830) Importer(815301076,1909f56bfc062723c751e8b465ee728b)  -> (artifact id: '4827b358e926ba1a94d7dd808b506e93') in 0.081240 seconds 
========================================================================
Received Import Request.
  Time since last request: 0.000019 seconds.
  path: Assets/TerrainSampleAssets/Textures/Details/Heather_A_Thickness.tif
  artifactKey: Guid(0942f310de78e664aaaca6d7d276cb61) Importer(815301076,1909f56bfc062723c751e8b465ee728b)
Start importing Assets/TerrainSampleAssets/Textures/Details/Heather_A_Thickness.tif using Guid(0942f310de78e664aaaca6d7d276cb61) Importer(815301076,1909f56bfc062723c751e8b465ee728b)  -> (artifact id: '54287227c462bd85625124d82caea7b6') in 0.020906 seconds 
========================================================================
Received Import Request.
  Time since last request: 0.000064 seconds.
  path: Assets/TerrainSampleAssets/Textures/Heightmaps/Hills01_Heightmap.tiff
  artifactKey: Guid(0a9c4cb001d0620468e11a00fbe9e94e) Importer(815301076,1909f56bfc062723c751e8b465ee728b)
Start importing Assets/TerrainSampleAssets/Textures/Heightmaps/Hills01_Heightmap.tiff using Guid(0a9c4cb001d0620468e11a00fbe9e94e) Importer(815301076,1909f56bfc062723c751e8b465ee728b)  -> (artifact id: '42da32292ac6f70a3078b28c3b54bc04') in 0.156449 seconds 
========================================================================
Received Import Request.
  Time since last request: 0.000022 seconds.
  path: Assets/TerrainSampleAssets/Textures/Heightmaps/Hills02_Heightmap.tiff
  artifactKey: Guid(0ae4396d11e334e4daf11922ac1f175f) Importer(815301076,1909f56bfc062723c751e8b465ee728b)
Start importing Assets/TerrainSampleAssets/Textures/Heightmaps/Hills02_Heightmap.tiff using Guid(0ae4396d11e334e4daf11922ac1f175f) Importer(815301076,1909f56bfc062723c751e8b465ee728b)  -> (artifact id: 'f2182a75324ff7e1f176fbd0a762c5a1') in 0.146231 seconds 
========================================================================
Received Import Request.
  Time since last request: 2.220498 seconds.
  path: Assets/TerrainSampleAssets/Textures/Heightmaps/Mountain02_Heightmap.tif
  artifactKey: Guid(5b7433cfa322cdb4ba853ecd73127975) Importer(815301076,1909f56bfc062723c751e8b465ee728b)
Start importing Assets/TerrainSampleAssets/Textures/Heightmaps/Mountain02_Heightmap.tif using Guid(5b7433cfa322cdb4ba853ecd73127975) Importer(815301076,1909f56bfc062723c751e8b465ee728b)  -> (artifact id: '8f56bae63ee233dc123c325caf173c96') in 0.110973 seconds 
========================================================================
Received Import Request.
  Time since last request: 0.000023 seconds.
  path: Assets/TerrainSampleAssets/Textures/Heightmaps/Mountain08_Heightmap.tif
  artifactKey: Guid(d5428cdc2df49fc4a9aa5bbbcfcfe0e0) Importer(815301076,1909f56bfc062723c751e8b465ee728b)
Start importing Assets/TerrainSampleAssets/Textures/Heightmaps/Mountain08_Heightmap.tif using Guid(d5428cdc2df49fc4a9aa5bbbcfcfe0e0) Importer(815301076,1909f56bfc062723c751e8b465ee728b)  -> (artifact id: 'ce000d4d5ef148db8fe9152078ff5864') in 0.155346 seconds 
========================================================================
Received Import Request.
  Time since last request: 0.000027 seconds.
  path: Assets/TerrainSampleAssets/Textures/Heightmaps/Mountain07_Heightmap.tif
  artifactKey: Guid(ce420f179549a9c4f9a08a26260e8d18) Importer(815301076,1909f56bfc062723c751e8b465ee728b)
Start importing Assets/TerrainSampleAssets/Textures/Heightmaps/Mountain07_Heightmap.tif using Guid(ce420f179549a9c4f9a08a26260e8d18) Importer(815301076,1909f56bfc062723c751e8b465ee728b)  -> (artifact id: '07f8a4625cc6c61dc37661e0de02647a') in 0.218976 seconds 
========================================================================
Received Import Request.
  Time since last request: 0.000023 seconds.
  path: Assets/TerrainSampleAssets/Textures/Terrain/Pebbles_C_BaseColor.tif
  artifactKey: Guid(8e255f57d15705e488d4db5425239501) Importer(815301076,1909f56bfc062723c751e8b465ee728b)
Start importing Assets/TerrainSampleAssets/Textures/Terrain/Pebbles_C_BaseColor.tif using Guid(8e255f57d15705e488d4db5425239501) Importer(815301076,1909f56bfc062723c751e8b465ee728b)  -> (artifact id: 'b70d24e40e6c7626b2a43bcf4101a86d') in 0.016726 seconds 
========================================================================
Received Import Request.
  Time since last request: 0.000029 seconds.
  path: Assets/TerrainSampleAssets/Textures/Terrain/Muddy_BaseColor.tif
  artifactKey: Guid(311fa94216ea77342a20e99b01ed6e69) Importer(815301076,1909f56bfc062723c751e8b465ee728b)
Start importing Assets/TerrainSampleAssets/Textures/Terrain/Muddy_BaseColor.tif using Guid(311fa94216ea77342a20e99b01ed6e69) Importer(815301076,1909f56bfc062723c751e8b465ee728b)  -> (artifact id: '888d70c8530cf60426c7623c46a642d4') in 0.019653 seconds 
========================================================================
Received Import Request.
  Time since last request: 0.000020 seconds.
  path: Assets/TerrainSampleAssets/Textures/Heightmaps/Mountain04_Heightmap.tif
  artifactKey: Guid(a1f4f845b9208d64a95cc6177a9b2abc) Importer(815301076,1909f56bfc062723c751e8b465ee728b)
Start importing Assets/TerrainSampleAssets/Textures/Heightmaps/Mountain04_Heightmap.tif using Guid(a1f4f845b9208d64a95cc6177a9b2abc) Importer(815301076,1909f56bfc062723c751e8b465ee728b)  -> (artifact id: 'd7824ca656c2e7086b3b372f6b5985fb') in 0.205787 seconds 
========================================================================
Received Import Request.
  Time since last request: 0.000022 seconds.
  path: Assets/TerrainSampleAssets/Textures/Terrain/Muddy_Normal.tif
  artifactKey: Guid(86f7d07dde38b154188fd60359df541e) Importer(815301076,1909f56bfc062723c751e8b465ee728b)
Start importing Assets/TerrainSampleAssets/Textures/Terrain/Muddy_Normal.tif using Guid(86f7d07dde38b154188fd60359df541e) Importer(815301076,1909f56bfc062723c751e8b465ee728b)  -> (artifact id: '9e4f96e39bdb6317dde1f2925240e3e0') in 0.017955 seconds 
========================================================================
Received Import Request.
  Time since last request: 0.000034 seconds.
  path: Assets/TerrainSampleAssets/Textures/Terrain/Pebbles_C_MaskMap.tif
  artifactKey: Guid(37bf2efdabb269f4b891344af9233d9e) Importer(815301076,1909f56bfc062723c751e8b465ee728b)
Start importing Assets/TerrainSampleAssets/Textures/Terrain/Pebbles_C_MaskMap.tif using Guid(37bf2efdabb269f4b891344af9233d9e) Importer(815301076,1909f56bfc062723c751e8b465ee728b)  -> (artifact id: 'e2e9a8dbde889dbebe1cc976c6fee25f') in 0.062531 seconds 
========================================================================
Received Import Request.
  Time since last request: 0.000021 seconds.
  path: Assets/TerrainSampleAssets/Textures/Terrain/Pebbles_A_BaseColor.tif
  artifactKey: Guid(5f61aa5f60d405a4b9f08becbe25d4c2) Importer(815301076,1909f56bfc062723c751e8b465ee728b)
Start importing Assets/TerrainSampleAssets/Textures/Terrain/Pebbles_A_BaseColor.tif using Guid(5f61aa5f60d405a4b9f08becbe25d4c2) Importer(815301076,1909f56bfc062723c751e8b465ee728b)  -> (artifact id: '053982f28a39ca40bc1f19d67aa8ec50') in 0.016217 seconds 
========================================================================
Received Import Request.
  Time since last request: 0.000024 seconds.
  path: Assets/TerrainSampleAssets/Textures/Heightmaps/Mountain05_Heightmap.tif
  artifactKey: Guid(59cf4095c6c8e0f488ebe12abd1e569a) Importer(815301076,1909f56bfc062723c751e8b465ee728b)
Start importing Assets/TerrainSampleAssets/Textures/Heightmaps/Mountain05_Heightmap.tif using Guid(59cf4095c6c8e0f488ebe12abd1e569a) Importer(815301076,1909f56bfc062723c751e8b465ee728b)  -> (artifact id: 'd8cd14d38c76b4f17ace8f263ae326ea') in 0.191935 seconds 
========================================================================
Received Import Request.
  Time since last request: 0.000030 seconds.
  path: Assets/TerrainSampleAssets/Textures/Details/Plant_Normal.tif
  artifactKey: Guid(bcd36bed575f11d42bc048f705b8b6a5) Importer(815301076,1909f56bfc062723c751e8b465ee728b)
Start importing Assets/TerrainSampleAssets/Textures/Details/Plant_Normal.tif using Guid(bcd36bed575f11d42bc048f705b8b6a5) Importer(815301076,1909f56bfc062723c751e8b465ee728b)  -> (artifact id: 'bee73529d72af4bbac1bb0259d494961') in 0.015119 seconds 
========================================================================
Received Import Request.
  Time since last request: 0.559839 seconds.
  path: Assets/TerrainSampleAssets/Textures/Details/Plant_Thickness.tif
  artifactKey: Guid(eb0c8b2f7b0da9944ae8e4156f2ec349) Importer(815301076,1909f56bfc062723c751e8b465ee728b)
Start importing Assets/TerrainSampleAssets/Textures/Details/Plant_Thickness.tif using Guid(eb0c8b2f7b0da9944ae8e4156f2ec349) Importer(815301076,1909f56bfc062723c751e8b465ee728b)  -> (artifact id: '1e21f9c584443c458211ca09354b2613') in 0.013129 seconds 
========================================================================
Received Import Request.
  Time since last request: 0.000025 seconds.
  path: Assets/GrassFlowers/Demo/DemoGrassFlowers/ReflectionProbe-0.exr
  artifactKey: Guid(ff26dd0d532f43942b51232390841a6d) Importer(815301076,1909f56bfc062723c751e8b465ee728b)
Start importing Assets/GrassFlowers/Demo/DemoGrassFlowers/ReflectionProbe-0.exr using Guid(ff26dd0d532f43942b51232390841a6d) Importer(815301076,1909f56bfc062723c751e8b465ee728b)  -> (artifact id: '05a1dbb7df1cb360252a5b1529840eae') in 1.167249 seconds 
========================================================================
Received Import Request.
  Time since last request: 0.000025 seconds.
  path: Assets/TerrainSampleAssets/Textures/Heightmaps/Ridge01_Heightmap.tif
  artifactKey: Guid(2093015066086b94e9636a0e1f1344ea) Importer(815301076,1909f56bfc062723c751e8b465ee728b)
Start importing Assets/TerrainSampleAssets/Textures/Heightmaps/Ridge01_Heightmap.tif using Guid(2093015066086b94e9636a0e1f1344ea) Importer(815301076,1909f56bfc062723c751e8b465ee728b)  -> (artifact id: 'c5664cc5d823e6468604400022d7e765') in 0.149674 seconds 
========================================================================
Received Import Request.
  Time since last request: 32.367531 seconds.
  path: Assets/TerrainSampleAssets/Textures/Terrain/Rock_BaseColor.tif
  artifactKey: Guid(7e35234e281d141418972228ee38415e) Importer(815301076,1909f56bfc062723c751e8b465ee728b)
Start importing Assets/TerrainSampleAssets/Textures/Terrain/Rock_BaseColor.tif using Guid(7e35234e281d141418972228ee38415e) Importer(815301076,1909f56bfc062723c751e8b465ee728b)  -> (artifact id: 'bb0620f104e09c59d983ac857dcacfce') in 0.014867 seconds 
========================================================================
Received Import Request.
  Time since last request: 0.000019 seconds.
  path: Assets/TerrainSampleAssets/Textures/Terrain/Tidal_Pools_Normal.tif
  artifactKey: Guid(28b218fb0e12c994d8f0b586f65545f2) Importer(815301076,1909f56bfc062723c751e8b465ee728b)
Start importing Assets/TerrainSampleAssets/Textures/Terrain/Tidal_Pools_Normal.tif using Guid(28b218fb0e12c994d8f0b586f65545f2) Importer(815301076,1909f56bfc062723c751e8b465ee728b)  -> (artifact id: '6e7c7822b9a6deb2fd0236b316164fab') in 0.013408 seconds 
========================================================================
Received Import Request.
  Time since last request: 0.000020 seconds.
  path: Assets/TerrainSampleAssets/Textures/Terrain/Soil_Rocks_Normal.tif
  artifactKey: Guid(773f0cf0efc85a14a9f70e559642746f) Importer(815301076,1909f56bfc062723c751e8b465ee728b)
Start importing Assets/TerrainSampleAssets/Textures/Terrain/Soil_Rocks_Normal.tif using Guid(773f0cf0efc85a14a9f70e559642746f) Importer(815301076,1909f56bfc062723c751e8b465ee728b)  -> (artifact id: 'df1776e5a68a86dc8df022a09d2be5d7') in 0.020952 seconds 
========================================================================
Received Import Request.
  Time since last request: 0.000020 seconds.
  path: Assets/TerrainSampleAssets/Textures/Terrain/Tidal_Pools_MaskMap.tif
  artifactKey: Guid(e39c4b98a4756b043a23fb5b81e7b25a) Importer(815301076,1909f56bfc062723c751e8b465ee728b)
Start importing Assets/TerrainSampleAssets/Textures/Terrain/Tidal_Pools_MaskMap.tif using Guid(e39c4b98a4756b043a23fb5b81e7b25a) Importer(815301076,1909f56bfc062723c751e8b465ee728b)  -> (artifact id: '2be140e07d6d7499134976dfe56b376a') in 0.020025 seconds 
========================================================================
Received Import Request.
  Time since last request: 0.000022 seconds.
  path: Assets/TerrainSampleAssets/Textures/Terrain/Soil_Rocks_MaskMap.tif
  artifactKey: Guid(b1c590e575d73224eb6773fd8c1cbb64) Importer(815301076,1909f56bfc062723c751e8b465ee728b)
Start importing Assets/TerrainSampleAssets/Textures/Terrain/Soil_Rocks_MaskMap.tif using Guid(b1c590e575d73224eb6773fd8c1cbb64) Importer(815301076,1909f56bfc062723c751e8b465ee728b)  -> (artifact id: '593b453770365f7f3fcd357ebc1c1a61') in 0.016913 seconds 
========================================================================
Received Import Request.
  Time since last request: 0.000029 seconds.
  path: Assets/TerrainSampleAssets/Textures/Terrain/Sand_BaseColor.tif
  artifactKey: Guid(e18ae12a8286a594bae0eb036ce9bc12) Importer(815301076,1909f56bfc062723c751e8b465ee728b)
Start importing Assets/TerrainSampleAssets/Textures/Terrain/Sand_BaseColor.tif using Guid(e18ae12a8286a594bae0eb036ce9bc12) Importer(815301076,1909f56bfc062723c751e8b465ee728b)  -> (artifact id: '3c540a69b69edffe96feb1d2211137a0') in 0.016468 seconds 
========================================================================
Received Import Request.
  Time since last request: 0.000031 seconds.
  path: Assets/TerrainSampleAssets/Textures/Terrain/Rock_Normal.tif
  artifactKey: Guid(d39a1b9e5d5c7b9499f579fa5c70a2a3) Importer(815301076,1909f56bfc062723c751e8b465ee728b)
Start importing Assets/TerrainSampleAssets/Textures/Terrain/Rock_Normal.tif using Guid(d39a1b9e5d5c7b9499f579fa5c70a2a3) Importer(815301076,1909f56bfc062723c751e8b465ee728b)  -> (artifact id: '0cd4375d8e59e5d481133254a75a4105') in 0.015808 seconds 
========================================================================
Received Import Request.
  Time since last request: 0.000036 seconds.
  path: Assets/TerrainSampleAssets/Textures/Terrain/Snow_BaseColor.tif
  artifactKey: Guid(ffa01093856b873448237de84289ee85) Importer(815301076,1909f56bfc062723c751e8b465ee728b)
Start importing Assets/TerrainSampleAssets/Textures/Terrain/Snow_BaseColor.tif using Guid(ffa01093856b873448237de84289ee85) Importer(815301076,1909f56bfc062723c751e8b465ee728b)  -> (artifact id: '000aad0d38b3dce836ba6804fa3de38a') in 0.014298 seconds 
========================================================================
Received Import Request.
  Time since last request: 6.938445 seconds.
  path: Assets/TerrainSampleAssets/Textures/Heightmaps/Ridge06_Heightmap.tif
  artifactKey: Guid(deb3fcdbaaa2cf64f90d5a341ffd9939) Importer(815301076,1909f56bfc062723c751e8b465ee728b)
Start importing Assets/TerrainSampleAssets/Textures/Heightmaps/Ridge06_Heightmap.tif using Guid(deb3fcdbaaa2cf64f90d5a341ffd9939) Importer(815301076,1909f56bfc062723c751e8b465ee728b)  -> (artifact id: '2d260a87b85fb00d4a43747741199b09') in 0.138926 seconds 
========================================================================
Received Import Request.
  Time since last request: 0.097410 seconds.
  path: Assets/TerrainSampleAssets/Textures/Heightmaps/Rolling_Hills01_Heightmap.tif
  artifactKey: Guid(ef3a42474254efb44a572b52d3ac06cd) Importer(815301076,1909f56bfc062723c751e8b465ee728b)
Start importing Assets/TerrainSampleAssets/Textures/Heightmaps/Rolling_Hills01_Heightmap.tif using Guid(ef3a42474254efb44a572b52d3ac06cd) Importer(815301076,1909f56bfc062723c751e8b465ee728b)  -> (artifact id: '92e9c7c6dc70b1cf7549b3b2b5212db5') in 0.131531 seconds 
========================================================================
Received Import Request.
  Time since last request: 0.000023 seconds.
  path: Assets/TerrainSampleAssets/Textures/Heightmaps/Slope03_Heightmap.tiff
  artifactKey: Guid(282e12329d9099343890f875c1429e1a) Importer(815301076,1909f56bfc062723c751e8b465ee728b)
Start importing Assets/TerrainSampleAssets/Textures/Heightmaps/Slope03_Heightmap.tiff using Guid(282e12329d9099343890f875c1429e1a) Importer(815301076,1909f56bfc062723c751e8b465ee728b)  -> (artifact id: 'fe8a0c934e2f61a27997d42f0e1f25fc') in 0.191339 seconds 
========================================================================
Received Import Request.
  Time since last request: 0.000028 seconds.
  path: Assets/TerrainSampleAssets/Textures/Heightmaps/Slope02_Heightmap.tiff
  artifactKey: Guid(da02531a879811e48a7f7766744588c8) Importer(815301076,1909f56bfc062723c751e8b465ee728b)
Start importing Assets/TerrainSampleAssets/Textures/Heightmaps/Slope02_Heightmap.tiff using Guid(da02531a879811e48a7f7766744588c8) Importer(815301076,1909f56bfc062723c751e8b465ee728b)  -> (artifact id: '6f6a7cbcd54069ea906502c6a422d64a') in 0.290531 seconds 
========================================================================
Received Import Request.
  Time since last request: 0.000025 seconds.
  path: Assets/TerrainSampleAssets/Textures/Heightmaps/Volcano02_Heightmap.tif
  artifactKey: Guid(bd916b355f53ab144901eeb862a0be0b) Importer(815301076,1909f56bfc062723c751e8b465ee728b)
Start importing Assets/TerrainSampleAssets/Textures/Heightmaps/Volcano02_Heightmap.tif using Guid(bd916b355f53ab144901eeb862a0be0b) Importer(815301076,1909f56bfc062723c751e8b465ee728b)  -> (artifact id: '189fe08d15cab0a30bc81d9a122ee4b0') in 0.260750 seconds 
========================================================================
Received Import Request.
  Time since last request: 786.163493 seconds.
  path: Assets/TerrainSampleAssets/Textures/Terrain/NewLayer.terrainlayer
  artifactKey: Guid(99fc85db74e8be94882bf9ee1eea067f) Importer(815301076,1909f56bfc062723c751e8b465ee728b)
Start importing Assets/TerrainSampleAssets/Textures/Terrain/NewLayer.terrainlayer using Guid(99fc85db74e8be94882bf9ee1eea067f) Importer(815301076,1909f56bfc062723c751e8b465ee728b)  -> (artifact id: '927ceb3221567b35ea8316fed8c279e9') in 0.020324 seconds 
========================================================================
Received Import Request.
  Time since last request: 1.789133 seconds.
  path: Assets/NewLayer.terrainlayer
  artifactKey: Guid(2ecf213d6273e254f9a52a0cc07f73d1) Importer(815301076,1909f56bfc062723c751e8b465ee728b)
Start importing Assets/NewLayer.terrainlayer using Guid(2ecf213d6273e254f9a52a0cc07f73d1) Importer(815301076,1909f56bfc062723c751e8b465ee728b)  -> (artifact id: '9d26f89fa099e5bba1b95ae73b552b0a') in 0.017758 seconds 
========================================================================
Received Prepare
Registering precompiled user dll's ...
Registered in 0.003141 seconds.
Begin MonoManager ReloadAssembly
Symbol file LoadedFromMemory doesn't match image E:\Simps\Library\PackageCache\com.unity.visualscripting@1.7.8\Editor\VisualScripting.Core\Dependencies\YamlDotNet\Unity.VisualScripting.YamlDotNet.dll
Symbol file LoadedFromMemory doesn't match image E:\Simps\Library\PackageCache\com.unity.visualscripting@1.7.8\Editor\VisualScripting.Core\Dependencies\DotNetZip\Unity.VisualScripting.IonicZip.dll
Native extension for WindowsStandalone target not found
Native extension for WebGL target not found
Refreshing native plugins compatible for Editor in 0.91 ms, found 3 plugins.
Preloading 0 native plugins for Editor in 0.00 ms.
Mono: successfully reloaded assembly
- Completed reload, in  1.231 seconds
Domain Reload Profiling:
	ReloadAssembly (1233ms)
		BeginReloadAssembly (286ms)
			ExecutionOrderSort (0ms)
			DisableScriptedObjects (13ms)
			BackupInstance (0ms)
			ReleaseScriptingObjects (0ms)
			CreateAndSetChildDomain (132ms)
		EndReloadAssembly (837ms)
			LoadAssemblies (108ms)
			RebuildTransferFunctionScriptingTraits (0ms)
			SetupTypeCache (314ms)
			ReleaseScriptCaches (1ms)
			RebuildScriptCaches (45ms)
			SetupLoadedEditorAssemblies (339ms)
				LogAssemblyErrors (0ms)
				InitializePlatformSupportModulesInManaged (14ms)
				SetLoadedEditorAssemblies (1ms)
				RefreshPlugins (1ms)
				BeforeProcessingInitializeOnLoad (60ms)
				ProcessInitializeOnLoadAttributes (225ms)
				ProcessInitializeOnLoadMethodAttributes (34ms)
				AfterProcessingInitializeOnLoad (3ms)
				EditorAssembliesLoaded (0ms)
			ExecutionOrderSort2 (0ms)
			AwakeInstancesAfterBackupRestoration (7ms)
Platform modules already initialized, skipping
Refreshing native plugins compatible for Editor in 2.29 ms, found 3 plugins.
Preloading 0 native plugins for Editor in 0.00 ms.
Unloading 3385 Unused Serialized files (Serialized files now loaded: 0)
Unloading 24 unused Assets / (5.1 MB). Loaded Objects now: 3900.
Memory consumption went from 138.8 MB to 133.7 MB.
Total: 4.045500 ms (FindLiveObjects: 0.422400 ms CreateObjectMapping: 0.087500 ms MarkObjects: 3.075800 ms  DeleteObjects: 0.458300 ms)

AssetImportParameters requested are different than current active one (requested -> active):
  custom:video-decoder-ogg-theora: a1e56fd34408186e4bbccfd4996cb3dc -> 
  custom:container-muxer-webm: aa71ff27fc2769a1b78a27578f13a17b -> 
  custom:container-demuxer-webm: 4f35f7cbe854078d1ac9338744f61a02 -> 
  custom:video-encoder-webm-vp8: eb34c28f22e8b96e1ab97ce403110664 -> 
  custom:audio-encoder-webm-vorbis: bf7c407c2cedff20999df2af8eb42d56 -> 
  custom:framework-win-MediaFoundation: 216162199b28c13a410421893ffa2e32 -> 
  custom:container-demuxer-ogg: 62fdf1f143b41e24485cea50d1cbac27 -> 
  custom:video-decoder-webm-vp8: 9c59270c3fd7afecdb556c50c9e8de78 -> 
  custom:audio-decoder-ogg-vorbis: bf7c407c2cedff20999df2af8eb42d56 -> 
========================================================================
Received Prepare
Registering precompiled user dll's ...
Registered in 0.003402 seconds.
Begin MonoManager ReloadAssembly
Symbol file LoadedFromMemory doesn't match image E:\Simps\Library\PackageCache\com.unity.visualscripting@1.7.8\Editor\VisualScripting.Core\Dependencies\YamlDotNet\Unity.VisualScripting.YamlDotNet.dll
Symbol file LoadedFromMemory doesn't match image E:\Simps\Library\PackageCache\com.unity.visualscripting@1.7.8\Editor\VisualScripting.Core\Dependencies\DotNetZip\Unity.VisualScripting.IonicZip.dll
Native extension for WindowsStandalone target not found
Native extension for WebGL target not found
Refreshing native plugins compatible for Editor in 0.83 ms, found 3 plugins.
Preloading 0 native plugins for Editor in 0.00 ms.
Mono: successfully reloaded assembly
- Completed reload, in  1.013 seconds
Domain Reload Profiling:
	ReloadAssembly (1013ms)
		BeginReloadAssembly (124ms)
			ExecutionOrderSort (0ms)
			DisableScriptedObjects (6ms)
			BackupInstance (0ms)
			ReleaseScriptingObjects (0ms)
			CreateAndSetChildDomain (35ms)
		EndReloadAssembly (802ms)
			LoadAssemblies (82ms)
			RebuildTransferFunctionScriptingTraits (0ms)
			SetupTypeCache (248ms)
			ReleaseScriptCaches (1ms)
			RebuildScriptCaches (37ms)
			SetupLoadedEditorAssemblies (398ms)
				LogAssemblyErrors (0ms)
				InitializePlatformSupportModulesInManaged (14ms)
				SetLoadedEditorAssemblies (1ms)
				RefreshPlugins (1ms)
				BeforeProcessingInitializeOnLoad (58ms)
				ProcessInitializeOnLoadAttributes (290ms)
				ProcessInitializeOnLoadMethodAttributes (32ms)
				AfterProcessingInitializeOnLoad (3ms)
				EditorAssembliesLoaded (0ms)
			ExecutionOrderSort2 (0ms)
			AwakeInstancesAfterBackupRestoration (6ms)
Platform modules already initialized, skipping
Refreshing native plugins compatible for Editor in 2.08 ms, found 3 plugins.
Preloading 0 native plugins for Editor in 0.00 ms.
Unloading 3545 Unused Serialized files (Serialized files now loaded: 0)
Unloading 26 unused Assets / (5.2 MB). Loaded Objects now: 4073.
Memory consumption went from 146.3 MB to 141.1 MB.
Total: 4.247300 ms (FindLiveObjects: 0.401300 ms CreateObjectMapping: 0.179200 ms MarkObjects: 3.212700 ms  DeleteObjects: 0.452800 ms)

AssetImportParameters requested are different than current active one (requested -> active):
  custom:video-decoder-ogg-theora: a1e56fd34408186e4bbccfd4996cb3dc -> 
  custom:container-muxer-webm: aa71ff27fc2769a1b78a27578f13a17b -> 
  custom:container-demuxer-webm: 4f35f7cbe854078d1ac9338744f61a02 -> 
  custom:video-encoder-webm-vp8: eb34c28f22e8b96e1ab97ce403110664 -> 
  custom:audio-encoder-webm-vorbis: bf7c407c2cedff20999df2af8eb42d56 -> 
  custom:framework-win-MediaFoundation: 216162199b28c13a410421893ffa2e32 -> 
  custom:container-demuxer-ogg: 62fdf1f143b41e24485cea50d1cbac27 -> 
  custom:video-decoder-webm-vp8: 9c59270c3fd7afecdb556c50c9e8de78 -> 
  custom:audio-decoder-ogg-vorbis: bf7c407c2cedff20999df2af8eb42d56 -> 
========================================================================
Received Prepare
Registering precompiled user dll's ...
Registered in 0.003860 seconds.
Begin MonoManager ReloadAssembly
Symbol file LoadedFromMemory doesn't match image E:\Simps\Library\PackageCache\com.unity.visualscripting@1.7.8\Editor\VisualScripting.Core\Dependencies\YamlDotNet\Unity.VisualScripting.YamlDotNet.dll
Symbol file LoadedFromMemory doesn't match image E:\Simps\Library\PackageCache\com.unity.visualscripting@1.7.8\Editor\VisualScripting.Core\Dependencies\DotNetZip\Unity.VisualScripting.IonicZip.dll
Native extension for WindowsStandalone target not found
Native extension for WebGL target not found
Refreshing native plugins compatible for Editor in 0.94 ms, found 3 plugins.
Preloading 0 native plugins for Editor in 0.00 ms.
Mono: successfully reloaded assembly
- Completed reload, in  1.013 seconds
Domain Reload Profiling:
	ReloadAssembly (1014ms)
		BeginReloadAssembly (126ms)
			ExecutionOrderSort (0ms)
			DisableScriptedObjects (4ms)
			BackupInstance (0ms)
			ReleaseScriptingObjects (0ms)
			CreateAndSetChildDomain (39ms)
		EndReloadAssembly (800ms)
			LoadAssemblies (81ms)
			RebuildTransferFunctionScriptingTraits (0ms)
			SetupTypeCache (272ms)
			ReleaseScriptCaches (2ms)
			RebuildScriptCaches (48ms)
			SetupLoadedEditorAssemblies (355ms)
				LogAssemblyErrors (0ms)
				InitializePlatformSupportModulesInManaged (14ms)
				SetLoadedEditorAssemblies (1ms)
				RefreshPlugins (1ms)
				BeforeProcessingInitializeOnLoad (62ms)
				ProcessInitializeOnLoadAttributes (239ms)
				ProcessInitializeOnLoadMethodAttributes (35ms)
				AfterProcessingInitializeOnLoad (3ms)
				EditorAssembliesLoaded (0ms)
			ExecutionOrderSort2 (0ms)
			AwakeInstancesAfterBackupRestoration (6ms)
Platform modules already initialized, skipping
Refreshing native plugins compatible for Editor in 1.70 ms, found 3 plugins.
Preloading 0 native plugins for Editor in 0.00 ms.
Unloading 3545 Unused Serialized files (Serialized files now loaded: 0)
Unloading 26 unused Assets / (5.2 MB). Loaded Objects now: 4088.
Memory consumption went from 146.4 MB to 141.1 MB.
Total: 4.406500 ms (FindLiveObjects: 0.719700 ms CreateObjectMapping: 0.213600 ms MarkObjects: 3.031700 ms  DeleteObjects: 0.440200 ms)

AssetImportParameters requested are different than current active one (requested -> active):
  custom:video-decoder-ogg-theora: a1e56fd34408186e4bbccfd4996cb3dc -> 
  custom:container-muxer-webm: aa71ff27fc2769a1b78a27578f13a17b -> 
  custom:container-demuxer-webm: 4f35f7cbe854078d1ac9338744f61a02 -> 
  custom:video-encoder-webm-vp8: eb34c28f22e8b96e1ab97ce403110664 -> 
  custom:audio-encoder-webm-vorbis: bf7c407c2cedff20999df2af8eb42d56 -> 
  custom:framework-win-MediaFoundation: 216162199b28c13a410421893ffa2e32 -> 
  custom:container-demuxer-ogg: 62fdf1f143b41e24485cea50d1cbac27 -> 
  custom:video-decoder-webm-vp8: 9c59270c3fd7afecdb556c50c9e8de78 -> 
  custom:audio-decoder-ogg-vorbis: bf7c407c2cedff20999df2af8eb42d56 -> 
========================================================================
Received Import Request.
  Time since last request: 2518.581678 seconds.
  path: Assets/MAP.asset
  artifactKey: Guid(ce1b93571dc781006a06df50cb8d767a) Importer(815301076,1909f56bfc062723c751e8b465ee728b)
Start importing Assets/MAP.asset using Guid(ce1b93571dc781006a06df50cb8d767a) Importer(815301076,1909f56bfc062723c751e8b465ee728b)  -> (artifact id: '207c238cbd05e013f752c924da1e095c') in 2.172966 seconds 
========================================================================
Received Import Request.
  Time since last request: 6.150165 seconds.
  path: Assets/Capsule.prefab
  artifactKey: Guid(d1d0986cc02a45b47b92e2368464f713) Importer(815301076,1909f56bfc062723c751e8b465ee728b)
Start importing Assets/Capsule.prefab using Guid(d1d0986cc02a45b47b92e2368464f713) Importer(815301076,1909f56bfc062723c751e8b465ee728b)  -> (artifact id: 'b0e5b2f22b277f833fe40ad9cedb562e') in 0.646047 seconds 
